<?xml version="1.0" encoding="UTF-8"?>
<!-- Generated by org.testng.reporters.JUnitXMLReporter -->
<testsuite ignored="0" hostname="DESKTOP-K4LJSUG" failures="0" tests="4" name="Default test" time="7.543" errors="0" timestamp="2023-02-20T21:35:07 IST">
  <testcase classname="testjava.LoginTest" name="verifyBuildTitleName" time="0.518"/>
  <testcase classname="testjava.LoginTest" name="verifyTitleofLoginPage" time="0.203"/>
  <testcase classname="testjava.LoginTest" name="verifyCurrentUrlOfPage" time="0.015"/>
  <testcase classname="testjava.LoginTest" name="verifyloginWithCorrectCrediential" time="2.63"/>
</testsuite> <!-- Default test -->
