<?xml version="1.0" encoding="UTF-8"?>
<testng-results ignored="0" total="4" passed="4" failed="0" skipped="0">
  <reporter-output>
  </reporter-output>
  <suite started-at="2023-02-20T21:34:58 IST" name="Default suite" finished-at="2023-02-20T21:35:05 IST" duration-ms="7543">
    <groups>
      <group name="regression">
        <method signature="LoginTest.verifyBuildTitleName()[pri:-1, instance:testjava.LoginTest@2c35e847]" name="verifyBuildTitleName" class="testjava.LoginTest"/>
        <method signature="LoginTest.verifyCurrentUrlOfPage()[pri:1, instance:testjava.LoginTest@2c35e847]" name="verifyCurrentUrlOfPage" class="testjava.LoginTest"/>
        <method signature="LoginTest.verifyTitleofLoginPage()[pri:0, instance:testjava.LoginTest@2c35e847]" name="verifyTitleofLoginPage" class="testjava.LoginTest"/>
        <method signature="LoginTest.verifyloginWithCorrectCrediential()[pri:2, instance:testjava.LoginTest@2c35e847]" name="verifyloginWithCorrectCrediential" class="testjava.LoginTest"/>
      </group> <!-- regression -->
      <group name="smoke">
        <method signature="LoginTest.verifyBuildTitleName()[pri:-1, instance:testjava.LoginTest@2c35e847]" name="verifyBuildTitleName" class="testjava.LoginTest"/>
        <method signature="LoginTest.verifyCurrentUrlOfPage()[pri:1, instance:testjava.LoginTest@2c35e847]" name="verifyCurrentUrlOfPage" class="testjava.LoginTest"/>
        <method signature="LoginTest.verifyTitleofLoginPage()[pri:0, instance:testjava.LoginTest@2c35e847]" name="verifyTitleofLoginPage" class="testjava.LoginTest"/>
        <method signature="LoginTest.verifyloginWithCorrectCrediential()[pri:2, instance:testjava.LoginTest@2c35e847]" name="verifyloginWithCorrectCrediential" class="testjava.LoginTest"/>
      </group> <!-- smoke -->
    </groups>
    <test started-at="2023-02-20T21:34:58 IST" name="Default test" finished-at="2023-02-20T21:35:05 IST" duration-ms="7543">
      <class name="testjava.LoginTest">
        <test-method is-config="true" signature="initBrowser()[pri:0, instance:testjava.LoginTest@2c35e847]" started-at="2023-02-20T21:34:26 IST" name="initBrowser" finished-at="2023-02-20T21:34:58 IST" duration-ms="31264" status="PASS">
          <reporter-output>
          </reporter-output>
        </test-method> <!-- initBrowser -->
        <test-method is-config="true" signature="pageobjects()[pri:0, instance:testjava.LoginTest@2c35e847]" started-at="2023-02-20T21:34:58 IST" name="pageobjects" finished-at="2023-02-20T21:34:59 IST" duration-ms="562" status="PASS">
          <reporter-output>
          </reporter-output>
        </test-method> <!-- pageobjects -->
        <test-method signature="verifyBuildTitleName()[pri:-1, instance:testjava.LoginTest@2c35e847]" started-at="2023-02-20T21:34:59 IST" name="verifyBuildTitleName" finished-at="2023-02-20T21:34:59 IST" duration-ms="518" status="PASS">
          <reporter-output>
          </reporter-output>
        </test-method> <!-- verifyBuildTitleName -->
        <test-method signature="verifyTitleofLoginPage()[pri:0, instance:testjava.LoginTest@2c35e847]" started-at="2023-02-20T21:34:59 IST" name="verifyTitleofLoginPage" finished-at="2023-02-20T21:34:59 IST" duration-ms="203" status="PASS">
          <reporter-output>
          </reporter-output>
        </test-method> <!-- verifyTitleofLoginPage -->
        <test-method signature="verifyCurrentUrlOfPage()[pri:1, instance:testjava.LoginTest@2c35e847]" started-at="2023-02-20T21:34:59 IST" name="verifyCurrentUrlOfPage" finished-at="2023-02-20T21:34:59 IST" duration-ms="15" status="PASS">
          <reporter-output>
          </reporter-output>
        </test-method> <!-- verifyCurrentUrlOfPage -->
        <test-method signature="verifyloginWithCorrectCrediential()[pri:2, instance:testjava.LoginTest@2c35e847]" started-at="2023-02-20T21:34:59 IST" name="verifyloginWithCorrectCrediential" finished-at="2023-02-20T21:35:02 IST" duration-ms="2630" status="PASS">
          <reporter-output>
          </reporter-output>
        </test-method> <!-- verifyloginWithCorrectCrediential -->
        <test-method is-config="true" signature="Logoutuser()[pri:0, instance:testjava.LoginTest@2c35e847]" started-at="2023-02-20T21:35:02 IST" name="Logoutuser" finished-at="2023-02-20T21:35:05 IST" duration-ms="3335" status="PASS">
          <reporter-output>
          </reporter-output>
        </test-method> <!-- Logoutuser -->
        <test-method is-config="true" signature="tearDownEnvironment()[pri:0, instance:testjava.LoginTest@2c35e847]" started-at="2023-02-20T21:35:08 IST" name="tearDownEnvironment" finished-at="2023-02-20T21:35:13 IST" duration-ms="4981" status="PASS">
          <reporter-output>
          </reporter-output>
        </test-method> <!-- tearDownEnvironment -->
      </class> <!-- testjava.LoginTest -->
    </test> <!-- Default test -->
  </suite> <!-- Default suite -->
</testng-results>
